# JRE version: Java(TM) SE Runtime Environment (8.0_181-b13) (build 1.8.0_181-b13)
# Java VM: Java HotSpot(TM) 64-Bit Server VM (25.181-b13 mixed mode bsd-amd64 compressed oops)
Heap:
 PSYoungGen      total 77312K, used 8691K [0x0000000795580000, 0x000000079cd80000, 0x00000007c0000000)
  eden space 44544K, 19% used [0x0000000795580000,0x0000000795dfcd48,0x0000000798100000)
  from space 32768K, 0% used [0x000000079a580000,0x000000079a580000,0x000000079c580000)
  to   space 37376K, 0% used [0x0000000798100000,0x0000000798100000,0x000000079a580000)
 ParOldGen       total 168448K, used 99143K [0x0000000740000000, 0x000000074a480000, 0x0000000795580000)
  object space 168448K, 58% used [0x0000000740000000,0x00000007460d1e80,0x000000074a480000)
 Metaspace       used 39239K, capacity 39954K, committed 40232K, reserved 1085440K
  class space    used 4421K, capacity 4579K, committed 4648K, reserved 1048576K
GC Heap History (10 events):
Event: 244293.442 GC heap before
{Heap before GC invocations=226 (full 19):
 PSYoungGen      total 81408K, used 4186K [0x0000000795580000, 0x000000079cc80000, 0x00000007c0000000)
  eden space 51200K, 0% used [0x0000000795580000,0x0000000795580000,0x0000000798780000)
  from space 30208K, 13% used [0x0000000798780000,0x0000000798b96be8,0x000000079a500000)
  to   space 30208K, 0% used [0x000000079af00000,0x000000079af00000,0x000000079cc80000)
 ParOldGen       total 136704K, used 108215K [0x0000000740000000, 0x0000000748580000, 0x0000000795580000)
  object space 136704K, 79% used [0x0000000740000000,0x00000007469ade48,0x0000000748580000)
 Metaspace       used 39241K, capacity 39960K, committed 40232K, reserved 1085440K
  class space    used 4422K, capacity 4580K, committed 4648K, reserved 1048576K
Event: 244294.202 GC heap after
Heap after GC invocations=226 (full 19):
 PSYoungGen      total 81408K, used 0K [0x0000000795580000, 0x000000079cc80000, 0x00000007c0000000)
  eden space 51200K, 0% used [0x0000000795580000,0x0000000795580000,0x0000000798780000)
  from space 30208K, 0% used [0x0000000798780000,0x0000000798780000,0x000000079a500000)
  to   space 30208K, 0% used [0x000000079af00000,0x000000079af00000,0x000000079cc80000)
 ParOldGen       total 140288K, used 70449K [0x0000000740000000, 0x0000000748900000, 0x0000000795580000)
  object space 140288K, 50% used [0x0000000740000000,0x00000007444cc650,0x0000000748900000)
 Metaspace       used 39237K, capacity 39954K, committed 40232K, reserved 1085440K
  class space    used 4421K, capacity 4579K, committed 4648K, reserved 1048576K
}
Event: 249048.645 GC heap before
{Heap before GC invocations=227 (full 19):
 PSYoungGen      total 81408K, used 48937K [0x0000000795580000, 0x000000079cc80000, 0x00000007c0000000)
  eden space 51200K, 95% used [0x0000000795580000,0x000000079854a690,0x0000000798780000)
  from space 30208K, 0% used [0x0000000798780000,0x0000000798780000,0x000000079a500000)
  to   space 30208K, 0% used [0x000000079af00000,0x000000079af00000,0x000000079cc80000)
 ParOldGen       total 140288K, used 70449K [0x0000000740000000, 0x0000000748900000, 0x0000000795580000)
  object space 140288K, 50% used [0x0000000740000000,0x00000007444cc650,0x0000000748900000)
 Metaspace       used 39237K, capacity 39954K, committed 40232K, reserved 1085440K
  class space    used 4421K, capacity 4579K, committed 4648K, reserved 1048576K
Event: 249048.754 GC heap after
Heap after GC invocations=227 (full 19):
 PSYoungGen      total 74240K, used 23604K [0x0000000795580000, 0x000000079c680000, 0x00000007c0000000)
  eden space 50176K, 0% used [0x0000000795580000,0x0000000795580000,0x0000000798680000)
  from space 24064K, 98% used [0x000000079af00000,0x000000079c60d3a0,0x000000079c680000)
  to   space 32768K, 0% used [0x0000000798680000,0x0000000798680000,0x000000079a680000)
 ParOldGen       total 140288K, used 77732K [0x0000000740000000, 0x0000000748900000, 0x0000000795580000)
  object space 140288K, 55% used [0x0000000740000000,0x0000000744be9060,0x0000000748900000)
 Metaspace       used 39237K, capacity 39954K, committed 40232K, reserved 1085440K
  class space    used 4421K, capacity 4579K, committed 4648K, reserved 1048576K
}
Event: 254009.263 GC heap before
{Heap before GC invocations=228 (full 19):
 PSYoungGen      total 74240K, used 73124K [0x0000000795580000, 0x000000079c680000, 0x00000007c0000000)
  eden space 50176K, 98% used [0x0000000795580000,0x00000007985dbd08,0x0000000798680000)
  from space 24064K, 98% used [0x000000079af00000,0x000000079c60d3a0,0x000000079c680000)
  to   space 32768K, 0% used [0x0000000798680000,0x0000000798680000,0x000000079a680000)
 ParOldGen       total 140288K, used 77732K [0x0000000740000000, 0x0000000748900000, 0x0000000795580000)
  object space 140288K, 55% used [0x0000000740000000,0x0000000744be9060,0x0000000748900000)
 Metaspace       used 39238K, capacity 39954K, committed 40232K, reserved 1085440K
  class space    used 4421K, capacity 4579K, committed 4648K, reserved 1048576K
Event: 254009.442 GC heap after
Heap after GC invocations=228 (full 19):
 PSYoungGen      total 50688K, used 1402K [0x0000000795580000, 0x000000079c580000, 0x00000007c0000000)
  eden space 49152K, 0% used [0x0000000795580000,0x0000000795580000,0x0000000798580000)
  from space 1536K, 91% used [0x0000000798680000,0x00000007987de940,0x0000000798800000)
  to   space 32768K, 0% used [0x000000079a580000,0x000000079a580000,0x000000079c580000)
 ParOldGen       total 140288K, used 101231K [0x0000000740000000, 0x0000000748900000, 0x0000000795580000)
  object space 140288K, 72% used [0x0000000740000000,0x00000007462dbce0,0x0000000748900000)
 Metaspace       used 39238K, capacity 39954K, committed 40232K, reserved 1085440K
  class space    used 4421K, capacity 4579K, committed 4648K, reserved 1048576K
}
Event: 254012.242 GC heap before
{Heap before GC invocations=229 (full 19):
 PSYoungGen      total 50688K, used 44075K [0x0000000795580000, 0x000000079c580000, 0x00000007c0000000)
  eden space 49152K, 86% used [0x0000000795580000,0x0000000797f2c678,0x0000000798580000)
  from space 1536K, 91% used [0x0000000798680000,0x00000007987de940,0x0000000798800000)
  to   space 32768K, 0% used [0x000000079a580000,0x000000079a580000,0x000000079c580000)
 ParOldGen       total 140288K, used 101231K [0x0000000740000000, 0x0000000748900000, 0x0000000795580000)
  object space 140288K, 72% used [0x0000000740000000,0x00000007462dbce0,0x0000000748900000)
 Metaspace       used 39239K, capacity 39954K, committed 40232K, reserved 1085440K
  class space    used 4421K, capacity 4579K, committed 4648K, reserved 1048576K
Event: 254012.289 GC heap after
Heap after GC invocations=229 (full 19):
 PSYoungGen      total 77312K, used 30056K [0x0000000795580000, 0x000000079cd80000, 0x00000007c0000000)
  eden space 44544K, 0% used [0x0000000795580000,0x0000000795580000,0x0000000798100000)
  from space 32768K, 91% used [0x000000079a580000,0x000000079c2da028,0x000000079c580000)
  to   space 37376K, 0% used [0x0000000798100000,0x0000000798100000,0x000000079a580000)
 ParOldGen       total 140288K, used 117068K [0x0000000740000000, 0x0000000748900000, 0x0000000795580000)
  object space 140288K, 83% used [0x0000000740000000,0x00000007472533e0,0x0000000748900000)
 Metaspace       used 39239K, capacity 39954K, committed 40232K, reserved 1085440K
  class space    used 4421K, capacity 4579K, committed 4648K, reserved 1048576K
}
Event: 254012.289 GC heap before
{Heap before GC invocations=230 (full 20):
 PSYoungGen      total 77312K, used 30056K [0x0000000795580000, 0x000000079cd80000, 0x00000007c0000000)
  eden space 44544K, 0% used [0x0000000795580000,0x0000000795580000,0x0000000798100000)
  from space 32768K, 91% used [0x000000079a580000,0x000000079c2da028,0x000000079c580000)
  to   space 37376K, 0% used [0x0000000798100000,0x0000000798100000,0x000000079a580000)
 ParOldGen       total 140288K, used 117068K [0x0000000740000000, 0x0000000748900000, 0x0000000795580000)
  object space 140288K, 83% used [0x0000000740000000,0x00000007472533e0,0x0000000748900000)
 Metaspace       used 39239K, capacity 39954K, committed 40232K, reserved 1085440K
  class space    used 4421K, capacity 4579K, committed 4648K, reserved 1048576K
Event: 254013.094 GC heap after
Heap after GC invocations=230 (full 20):
 PSYoungGen      total 77312K, used 0K [0x0000000795580000, 0x000000079cd80000, 0x00000007c0000000)
  eden space 44544K, 0% used [0x0000000795580000,0x0000000795580000,0x0000000798100000)
  from space 32768K, 0% used [0x000000079a580000,0x000000079a580000,0x000000079c580000)
  to   space 37376K, 0% used [0x0000000798100000,0x0000000798100000,0x000000079a580000)
 ParOldGen       total 168448K, used 99143K [0x0000000740000000, 0x000000074a480000, 0x0000000795580000)
  object space 168448K, 58% used [0x0000000740000000,0x00000007460d1e80,0x000000074a480000)
 Metaspace       used 39239K, capacity 39954K, committed 40232K, reserved 1085440K
  class space    used 4421K, capacity 4579K, committed 4648K, reserved 1048576K
}

